<?xml version="1.0" encoding="UTF-8"?>
<!-- Generated by org.testng.reporters.JUnitReportReporter -->
<testsuite hostname="lenovoideapadgaming" failures="0" tests="6" name="SmartBuyAutomation.TestCases" time="7.016" errors="0" timestamp="2025-08-09T01:50:28 EET" skipped="5">
  <testcase classname="SmartBuyAutomation.TestCases" name="productDetailAccuracy" time="7.016"/>
  <testcase classname="SmartBuyAutomation.TestCases" name="languageSelection">
    <skipped/>
  </testcase> <!-- languageSelection -->
  <testcase classname="SmartBuyAutomation.TestCases" name="ProductSearchFunctionality">
    <skipped/>
  </testcase> <!-- ProductSearchFunctionality -->
  <testcase classname="SmartBuyAutomation.TestCases" name="removeFromCart">
    <skipped/>
  </testcase> <!-- removeFromCart -->
  <testcase classname="SmartBuyAutomation.TestCases" name="homePageAccessability">
    <skipped/>
  </testcase> <!-- homePageAccessability -->
  <testcase classname="SmartBuyAutomation.TestCases" name="ProductCategoryNavigation">
    <skipped/>
  </testcase> <!-- ProductCategoryNavigation -->
</testsuite> <!-- SmartBuyAutomation.TestCases -->
