<?xml version="1.0" encoding="UTF-8"?>
<!-- Generated by org.testng.reporters.JUnitReportReporter -->
<testsuite hostname="lenovoideapadgaming" failures="0" tests="3" name="SmartBuyAutomation.TestCases" time="41.516" errors="0" timestamp="2025-08-07T00:48:02 EET" skipped="0">
  <testcase classname="SmartBuyAutomation.TestCases" name="homePageAccessability" time="16.566"/>
  <testcase classname="SmartBuyAutomation.TestCases" name="ProductCategoryNavigation" time="21.724"/>
  <testcase classname="SmartBuyAutomation.TestCases" name="ProductSearchFunctionality" time="3.226"/>
</testsuite> <!-- SmartBuyAutomation.TestCases -->
