<?xml version="1.0" encoding="UTF-8"?>
<!-- Generated by org.testng.reporters.JUnitReportReporter -->
<testsuite hostname="lenovoideapadgaming" failures="0" tests="2" name="SmartBuyAutomation.TestCases" time="18.412" errors="0" timestamp="2025-08-03T17:58:57 EET" skipped="0">
  <testcase classname="SmartBuyAutomation.TestCases" name="homePageAccessability" time="18.409"/>
  <testcase classname="SmartBuyAutomation.TestCases" name="ProductCategoryNavigation" time="0.003"/>
</testsuite> <!-- SmartBuyAutomation.TestCases -->
